Analysis & Synthesis report for music
Fri Nov 12 17:48:42 2021
Quartus II Version 9.0 Build 132 02/25/2009 SJ Full Version


---------------------
; Table of Contents ;
---------------------
  1. Legal Notice
  2. Analysis & Synthesis Summary
  3. Analysis & Synthesis Settings
  4. Analysis & Synthesis Source Files Read
  5. Analysis & Synthesis Resource Usage Summary
  6. Analysis & Synthesis Resource Utilization by Entity
  7. Analysis & Synthesis RAM Summary
  8. User-Specified and Inferred Latches
  9. General Register Statistics
 10. Multiplexer Restructuring Statistics (Restructuring Performed)
 11. Source assignments for data_rom:inst4|romd1:u1|altsyncram:altsyncram_component|altsyncram_m6a1:auto_generated
 12. Parameter Settings for User Entity Instance: data_rom:inst4|romd1:u1|altsyncram:altsyncram_component
 13. altsyncram Parameter Settings by Entity Instance
 14. Analysis & Synthesis Messages
 15. Analysis & Synthesis Suppressed Messages



----------------
; Legal Notice ;
----------------
Copyright (C) 1991-2009 Altera Corporation
Your use of Altera Corporation's design tools, logic functions 
and other software and tools, and its AMPP partner logic 
functions, and any output files from any of the foregoing 
(including device programming or simulation files), and any 
associated documentation or information are expressly subject 
to the terms and conditions of the Altera Program License 
Subscription Agreement, Altera MegaCore Function License 
Agreement, or other applicable license agreement, including, 
without limitation, that your use is for the sole purpose of 
programming logic devices manufactured by Altera and sold by 
Altera or its authorized distributors.  Please refer to the 
applicable agreement for further details.



+-------------------------------------------------------------------------------+
; Analysis & Synthesis Summary                                                  ;
+------------------------------------+------------------------------------------+
; Analysis & Synthesis Status        ; Successful - Fri Nov 12 17:48:42 2021    ;
; Quartus II Version                 ; 9.0 Build 132 02/25/2009 SJ Full Version ;
; Revision Name                      ; music                                    ;
; Top-level Entity Name              ; music                                    ;
; Family                             ; Cyclone III                              ;
; Total logic elements               ; 146                                      ;
;     Total combinational functions  ; 146                                      ;
;     Dedicated logic registers      ; 62                                       ;
; Total registers                    ; 62                                       ;
; Total pins                         ; 5                                        ;
; Total virtual pins                 ; 0                                        ;
; Total memory bits                  ; 5,120                                    ;
; Embedded Multiplier 9-bit elements ; 0                                        ;
; Total PLLs                         ; 0                                        ;
+------------------------------------+------------------------------------------+


+----------------------------------------------------------------------------------------------------------+
; Analysis & Synthesis Settings                                                                            ;
+----------------------------------------------------------------+--------------------+--------------------+
; Option                                                         ; Setting            ; Default Value      ;
+----------------------------------------------------------------+--------------------+--------------------+
; Device                                                         ; EP3C55U484I7       ;                    ;
; Top-level entity name                                          ; music              ; music              ;
; Family name                                                    ; Cyclone III        ; Stratix II         ;
; Use Generated Physical Constraints File                        ; Off                ;                    ;
; Use smart compilation                                          ; Off                ; Off                ;
; Restructure Multiplexers                                       ; Auto               ; Auto               ;
; Create Debugging Nodes for IP Cores                            ; Off                ; Off                ;
; Preserve fewer node names                                      ; On                 ; On                 ;
; Disable OpenCore Plus hardware evaluation                      ; Off                ; Off                ;
; Verilog Version                                                ; Verilog_2001       ; Verilog_2001       ;
; VHDL Version                                                   ; VHDL93             ; VHDL93             ;
; State Machine Processing                                       ; Auto               ; Auto               ;
; Safe State Machine                                             ; Off                ; Off                ;
; Extract Verilog State Machines                                 ; On                 ; On                 ;
; Extract VHDL State Machines                                    ; On                 ; On                 ;
; Ignore Verilog initial constructs                              ; Off                ; Off                ;
; Iteration limit for constant Verilog loops                     ; 5000               ; 5000               ;
; Iteration limit for non-constant Verilog loops                 ; 250                ; 250                ;
; Add Pass-Through Logic to Inferred RAMs                        ; On                 ; On                 ;
; Parallel Synthesis                                             ; Off                ; Off                ;
; DSP Block Balancing                                            ; Auto               ; Auto               ;
; NOT Gate Push-Back                                             ; On                 ; On                 ;
; Power-Up Don't Care                                            ; On                 ; On                 ;
; Remove Redundant Logic Cells                                   ; Off                ; Off                ;
; Remove Duplicate Registers                                     ; On                 ; On                 ;
; Ignore CARRY Buffers                                           ; Off                ; Off                ;
; Ignore CASCADE Buffers                                         ; Off                ; Off                ;
; Ignore GLOBAL Buffers                                          ; Off                ; Off                ;
; Ignore ROW GLOBAL Buffers                                      ; Off                ; Off                ;
; Ignore LCELL Buffers                                           ; Off                ; Off                ;
; Ignore SOFT Buffers                                            ; On                 ; On                 ;
; Limit AHDL Integers to 32 Bits                                 ; Off                ; Off                ;
; Optimization Technique                                         ; Balanced           ; Balanced           ;
; Carry Chain Length                                             ; 70                 ; 70                 ;
; Auto Carry Chains                                              ; On                 ; On                 ;
; Auto Open-Drain Pins                                           ; On                 ; On                 ;
; Perform WYSIWYG Primitive Resynthesis                          ; Off                ; Off                ;
; Auto ROM Replacement                                           ; On                 ; On                 ;
; Auto RAM Replacement                                           ; On                 ; On                 ;
; Auto DSP Block Replacement                                     ; On                 ; On                 ;
; Auto Shift Register Replacement                                ; Auto               ; Auto               ;
; Auto Clock Enable Replacement                                  ; On                 ; On                 ;
; Strict RAM Replacement                                         ; Off                ; Off                ;
; Allow Synchronous Control Signals                              ; On                 ; On                 ;
; Force Use of Synchronous Clear Signals                         ; Off                ; Off                ;
; Auto RAM Block Balancing                                       ; On                 ; On                 ;
; Auto RAM to Logic Cell Conversion                              ; Off                ; Off                ;
; Auto Resource Sharing                                          ; Off                ; Off                ;
; Allow Any RAM Size For Recognition                             ; Off                ; Off                ;
; Allow Any ROM Size For Recognition                             ; Off                ; Off                ;
; Allow Any Shift Register Size For Recognition                  ; Off                ; Off                ;
; Use LogicLock Constraints during Resource Balancing            ; On                 ; On                 ;
; Ignore translate_off and synthesis_off directives              ; Off                ; Off                ;
; Timing-Driven Synthesis                                        ; Off                ; Off                ;
; Show Parameter Settings Tables in Synthesis Report             ; On                 ; On                 ;
; Ignore Maximum Fan-Out Assignments                             ; Off                ; Off                ;
; Synchronization Register Chain Length                          ; 2                  ; 2                  ;
; PowerPlay Power Optimization                                   ; Normal compilation ; Normal compilation ;
; HDL message level                                              ; Level2             ; Level2             ;
; Suppress Register Optimization Related Messages                ; Off                ; Off                ;
; Number of Removed Registers Reported in Synthesis Report       ; 100                ; 100                ;
; Number of Inverted Registers Reported in Synthesis Report      ; 100                ; 100                ;
; Clock MUX Protection                                           ; On                 ; On                 ;
; Auto Gated Clock Conversion                                    ; Off                ; Off                ;
; Block Design Naming                                            ; Auto               ; Auto               ;
; SDC constraint protection                                      ; Off                ; Off                ;
; Synthesis Effort                                               ; Auto               ; Auto               ;
; Allows Asynchronous Clear Usage For Shift Register Replacement ; On                 ; On                 ;
; Analysis & Synthesis Message Level                             ; Medium             ; Medium             ;
+----------------------------------------------------------------+--------------------+--------------------+


+----------------------------------------------------------------------------------------------------------------------------------------------------+
; Analysis & Synthesis Source Files Read                                                                                                             ;
+----------------------------------+-----------------+------------------------------------+----------------------------------------------------------+
; File Name with User-Entered Path ; Used in Netlist ; File Type                          ; File Name with Absolute Path                             ;
+----------------------------------+-----------------+------------------------------------+----------------------------------------------------------+
; div.v                            ; yes             ; User Verilog HDL File              ; E:/FPGA/music/div.v                                      ;
; ToneTaba.v                       ; yes             ; User Verilog HDL File              ; E:/FPGA/music/ToneTaba.v                                 ;
; speaker.v                        ; yes             ; User Verilog HDL File              ; E:/FPGA/music/speaker.v                                  ;
; data_rom.v                       ; yes             ; User Verilog HDL File              ; E:/FPGA/music/data_rom.v                                 ;
; music.bdf                        ; yes             ; User Block Diagram/Schematic File  ; E:/FPGA/music/music.bdf                                  ;
; romd1.v                          ; yes             ; User Wizard-Generated File         ; E:/FPGA/music/romd1.v                                    ;
; altsyncram.tdf                   ; yes             ; Megafunction                       ; c:/quartus/libraries/megafunctions/altsyncram.tdf        ;
; stratix_ram_block.inc            ; yes             ; Megafunction                       ; c:/quartus/libraries/megafunctions/stratix_ram_block.inc ;
; lpm_mux.inc                      ; yes             ; Megafunction                       ; c:/quartus/libraries/megafunctions/lpm_mux.inc           ;
; lpm_decode.inc                   ; yes             ; Megafunction                       ; c:/quartus/libraries/megafunctions/lpm_decode.inc        ;
; aglobal90.inc                    ; yes             ; Megafunction                       ; c:/quartus/libraries/megafunctions/aglobal90.inc         ;
; a_rdenreg.inc                    ; yes             ; Megafunction                       ; c:/quartus/libraries/megafunctions/a_rdenreg.inc         ;
; altrom.inc                       ; yes             ; Megafunction                       ; c:/quartus/libraries/megafunctions/altrom.inc            ;
; altram.inc                       ; yes             ; Megafunction                       ; c:/quartus/libraries/megafunctions/altram.inc            ;
; altdpram.inc                     ; yes             ; Megafunction                       ; c:/quartus/libraries/megafunctions/altdpram.inc          ;
; altqpram.inc                     ; yes             ; Megafunction                       ; c:/quartus/libraries/megafunctions/altqpram.inc          ;
; db/altsyncram_m6a1.tdf           ; yes             ; Auto-Generated Megafunction        ; E:/FPGA/music/db/altsyncram_m6a1.tdf                     ;
+----------------------------------+-----------------+------------------------------------+----------------------------------------------------------+


+---------------------------------------------------------+
; Analysis & Synthesis Resource Usage Summary             ;
+---------------------------------------------+-----------+
; Resource                                    ; Usage     ;
+---------------------------------------------+-----------+
; Estimated Total logic elements              ; 146       ;
;                                             ;           ;
; Total combinational functions               ; 146       ;
; Logic element usage by number of LUT inputs ;           ;
;     -- 4 input functions                    ; 54        ;
;     -- 3 input functions                    ; 31        ;
;     -- <=2 input functions                  ; 61        ;
;                                             ;           ;
; Logic elements by mode                      ;           ;
;     -- normal mode                          ; 96        ;
;     -- arithmetic mode                      ; 50        ;
;                                             ;           ;
; Total registers                             ; 62        ;
;     -- Dedicated logic registers            ; 62        ;
;     -- I/O registers                        ; 0         ;
;                                             ;           ;
; I/O pins                                    ; 5         ;
; Total memory bits                           ; 5120      ;
; Maximum fan-out node                        ; clk~input ;
; Maximum fan-out                             ; 38        ;
; Total fan-out                               ; 666       ;
; Average fan-out                             ; 2.99      ;
+---------------------------------------------+-----------+


+-------------------------------------------------------------------------------------------------------------------------------------------------------------------------------------------------------------------------------------------------------------------------+
; Analysis & Synthesis Resource Utilization by Entity                                                                                                                                                                                                                     ;
+----------------------------------------------+-------------------+--------------+-------------+--------------+---------+-----------+------+--------------+-----------------------------------------------------------------------------------------------+--------------+
; Compilation Hierarchy Node                   ; LC Combinationals ; LC Registers ; Memory Bits ; DSP Elements ; DSP 9x9 ; DSP 18x18 ; Pins ; Virtual Pins ; Full Hierarchy Name                                                                           ; Library Name ;
+----------------------------------------------+-------------------+--------------+-------------+--------------+---------+-----------+------+--------------+-----------------------------------------------------------------------------------------------+--------------+
; |music                                       ; 146 (0)           ; 62 (0)       ; 5120        ; 0            ; 0       ; 0         ; 5    ; 0            ; |music                                                                                        ; work         ;
;    |ToneTaba:inst9|                          ; 38 (38)           ; 0 (0)        ; 0           ; 0            ; 0       ; 0         ; 0    ; 0            ; |music|ToneTaba:inst9                                                                         ; work         ;
;    |data_rom:inst4|                          ; 31 (31)           ; 10 (10)      ; 5120        ; 0            ; 0       ; 0         ; 0    ; 0            ; |music|data_rom:inst4                                                                         ; work         ;
;       |romd1:u1|                             ; 0 (0)             ; 0 (0)        ; 5120        ; 0            ; 0       ; 0         ; 0    ; 0            ; |music|data_rom:inst4|romd1:u1                                                                ; work         ;
;          |altsyncram:altsyncram_component|   ; 0 (0)             ; 0 (0)        ; 5120        ; 0            ; 0       ; 0         ; 0    ; 0            ; |music|data_rom:inst4|romd1:u1|altsyncram:altsyncram_component                                ; work         ;
;             |altsyncram_m6a1:auto_generated| ; 0 (0)             ; 0 (0)        ; 5120        ; 0            ; 0       ; 0         ; 0    ; 0            ; |music|data_rom:inst4|romd1:u1|altsyncram:altsyncram_component|altsyncram_m6a1:auto_generated ; work         ;
;    |div:inst|                                ; 55 (55)           ; 33 (33)      ; 0           ; 0            ; 0       ; 0         ; 0    ; 0            ; |music|div:inst                                                                               ; work         ;
;    |speaker:inst3|                           ; 22 (22)           ; 19 (19)      ; 0           ; 0            ; 0       ; 0         ; 0    ; 0            ; |music|speaker:inst3                                                                          ; work         ;
+----------------------------------------------+-------------------+--------------+-------------+--------------+---------+-----------+------+--------------+-----------------------------------------------------------------------------------------------+--------------+
Note: For table entries with two numbers listed, the numbers in parentheses indicate the number of resources of the given type used by the specific entity alone. The numbers listed outside of parentheses indicate the total resources of the given type used by the specific entity and all of its sub-entities in the hierarchy.


+---------------------------------------------------------------------------------------------------------------------------------------------------------------------------------------------------+
; Analysis & Synthesis RAM Summary                                                                                                                                                                  ;
+---------------------------------------------------------------------------------------------------+------+------+--------------+--------------+--------------+--------------+------+--------------+
; Name                                                                                              ; Type ; Mode ; Port A Depth ; Port A Width ; Port B Depth ; Port B Width ; Size ; MIF          ;
+---------------------------------------------------------------------------------------------------+------+------+--------------+--------------+--------------+--------------+------+--------------+
; data_rom:inst4|romd1:u1|altsyncram:altsyncram_component|altsyncram_m6a1:auto_generated|ALTSYNCRAM ; AUTO ; ROM  ; 1024         ; 5            ; --           ; --           ; 5120 ; AllMusic.mif ;
+---------------------------------------------------------------------------------------------------+------+------+--------------+--------------+--------------+--------------+------+--------------+


+-----------------------------------------------------------------------------------------------------+
; User-Specified and Inferred Latches                                                                 ;
+-----------------------------------------------------+----------------------+------------------------+
; Latch Name                                          ; Latch Enable Signal  ; Free of Timing Hazards ;
+-----------------------------------------------------+----------------------+------------------------+
; ToneTaba:inst9|Tone[0]                              ; ToneTaba:inst9|Mux11 ; yes                    ;
; ToneTaba:inst9|Tone[1]                              ; ToneTaba:inst9|Mux11 ; yes                    ;
; ToneTaba:inst9|Tone[2]                              ; ToneTaba:inst9|Mux11 ; yes                    ;
; ToneTaba:inst9|Tone[3]                              ; ToneTaba:inst9|Mux11 ; yes                    ;
; ToneTaba:inst9|Tone[4]                              ; ToneTaba:inst9|Mux11 ; yes                    ;
; ToneTaba:inst9|Tone[5]                              ; ToneTaba:inst9|Mux11 ; yes                    ;
; ToneTaba:inst9|Tone[6]                              ; ToneTaba:inst9|Mux11 ; yes                    ;
; ToneTaba:inst9|Tone[7]                              ; ToneTaba:inst9|Mux11 ; yes                    ;
; ToneTaba:inst9|Tone[8]                              ; ToneTaba:inst9|Mux11 ; yes                    ;
; ToneTaba:inst9|Tone[9]                              ; ToneTaba:inst9|Mux11 ; yes                    ;
; ToneTaba:inst9|Tone[10]                             ; ToneTaba:inst9|Mux11 ; yes                    ;
; Number of user-specified and inferred latches = 11  ;                      ;                        ;
+-----------------------------------------------------+----------------------+------------------------+
Note: All latches listed above may not be present at the end of synthesis due to various synthesis optimizations.


+------------------------------------------------------+
; General Register Statistics                          ;
+----------------------------------------------+-------+
; Statistic                                    ; Value ;
+----------------------------------------------+-------+
; Total registers                              ; 62    ;
; Number of registers using Synchronous Clear  ; 0     ;
; Number of registers using Synchronous Load   ; 11    ;
; Number of registers using Asynchronous Clear ; 33    ;
; Number of registers using Asynchronous Load  ; 0     ;
; Number of registers using Clock Enable       ; 0     ;
; Number of registers using Preset             ; 0     ;
+----------------------------------------------+-------+


+------------------------------------------------------------------------------------------------------------------------------------------------+
; Multiplexer Restructuring Statistics (Restructuring Performed)                                                                                 ;
+--------------------+-----------+---------------+----------------------+------------------------+------------+----------------------------------+
; Multiplexer Inputs ; Bus Width ; Baseline Area ; Area if Restructured ; Saving if Restructured ; Registered ; Example Multiplexer Output       ;
+--------------------+-----------+---------------+----------------------+------------------------+------------+----------------------------------+
; 9:1                ; 10 bits   ; 60 LEs        ; 30 LEs               ; 30 LEs                 ; Yes        ; |music|data_rom:inst4|Counter[1] ;
+--------------------+-----------+---------------+----------------------+------------------------+------------+----------------------------------+


+---------------------------------------------------------------------------------------------------------------+
; Source assignments for data_rom:inst4|romd1:u1|altsyncram:altsyncram_component|altsyncram_m6a1:auto_generated ;
+---------------------------------+--------------------+------+-------------------------------------------------+
; Assignment                      ; Value              ; From ; To                                              ;
+---------------------------------+--------------------+------+-------------------------------------------------+
; OPTIMIZE_POWER_DURING_SYNTHESIS ; NORMAL_COMPILATION ; -    ; -                                               ;
+---------------------------------+--------------------+------+-------------------------------------------------+


+------------------------------------------------------------------------------------------------------+
; Parameter Settings for User Entity Instance: data_rom:inst4|romd1:u1|altsyncram:altsyncram_component ;
+------------------------------------+----------------------+------------------------------------------+
; Parameter Name                     ; Value                ; Type                                     ;
+------------------------------------+----------------------+------------------------------------------+
; BYTE_SIZE_BLOCK                    ; 8                    ; Untyped                                  ;
; AUTO_CARRY_CHAINS                  ; ON                   ; AUTO_CARRY                               ;
; IGNORE_CARRY_BUFFERS               ; OFF                  ; IGNORE_CARRY                             ;
; AUTO_CASCADE_CHAINS                ; ON                   ; AUTO_CASCADE                             ;
; IGNORE_CASCADE_BUFFERS             ; OFF                  ; IGNORE_CASCADE                           ;
; WIDTH_BYTEENA                      ; 1                    ; Untyped                                  ;
; OPERATION_MODE                     ; ROM                  ; Untyped                                  ;
; WIDTH_A                            ; 5                    ; Signed Integer                           ;
; WIDTHAD_A                          ; 10                   ; Signed Integer                           ;
; NUMWORDS_A                         ; 1024                 ; Signed Integer                           ;
; OUTDATA_REG_A                      ; UNREGISTERED         ; Untyped                                  ;
; ADDRESS_ACLR_A                     ; NONE                 ; Untyped                                  ;
; OUTDATA_ACLR_A                     ; NONE                 ; Untyped                                  ;
; WRCONTROL_ACLR_A                   ; NONE                 ; Untyped                                  ;
; INDATA_ACLR_A                      ; NONE                 ; Untyped                                  ;
; BYTEENA_ACLR_A                     ; NONE                 ; Untyped                                  ;
; WIDTH_B                            ; 1                    ; Untyped                                  ;
; WIDTHAD_B                          ; 1                    ; Untyped                                  ;
; NUMWORDS_B                         ; 1                    ; Untyped                                  ;
; INDATA_REG_B                       ; CLOCK1               ; Untyped                                  ;
; WRCONTROL_WRADDRESS_REG_B          ; CLOCK1               ; Untyped                                  ;
; RDCONTROL_REG_B                    ; CLOCK1               ; Untyped                                  ;
; ADDRESS_REG_B                      ; CLOCK1               ; Untyped                                  ;
; OUTDATA_REG_B                      ; UNREGISTERED         ; Untyped                                  ;
; BYTEENA_REG_B                      ; CLOCK1               ; Untyped                                  ;
; INDATA_ACLR_B                      ; NONE                 ; Untyped                                  ;
; WRCONTROL_ACLR_B                   ; NONE                 ; Untyped                                  ;
; ADDRESS_ACLR_B                     ; NONE                 ; Untyped                                  ;
; OUTDATA_ACLR_B                     ; NONE                 ; Untyped                                  ;
; RDCONTROL_ACLR_B                   ; NONE                 ; Untyped                                  ;
; BYTEENA_ACLR_B                     ; NONE                 ; Untyped                                  ;
; WIDTH_BYTEENA_A                    ; 1                    ; Signed Integer                           ;
; WIDTH_BYTEENA_B                    ; 1                    ; Untyped                                  ;
; RAM_BLOCK_TYPE                     ; AUTO                 ; Untyped                                  ;
; BYTE_SIZE                          ; 8                    ; Untyped                                  ;
; READ_DURING_WRITE_MODE_MIXED_PORTS ; DONT_CARE            ; Untyped                                  ;
; READ_DURING_WRITE_MODE_PORT_A      ; NEW_DATA_NO_NBE_READ ; Untyped                                  ;
; READ_DURING_WRITE_MODE_PORT_B      ; NEW_DATA_NO_NBE_READ ; Untyped                                  ;
; INIT_FILE                          ; AllMusic.mif         ; Untyped                                  ;
; INIT_FILE_LAYOUT                   ; PORT_A               ; Untyped                                  ;
; MAXIMUM_DEPTH                      ; 0                    ; Untyped                                  ;
; CLOCK_ENABLE_INPUT_A               ; BYPASS               ; Untyped                                  ;
; CLOCK_ENABLE_INPUT_B               ; NORMAL               ; Untyped                                  ;
; CLOCK_ENABLE_OUTPUT_A              ; BYPASS               ; Untyped                                  ;
; CLOCK_ENABLE_OUTPUT_B              ; NORMAL               ; Untyped                                  ;
; CLOCK_ENABLE_CORE_A                ; USE_INPUT_CLKEN      ; Untyped                                  ;
; CLOCK_ENABLE_CORE_B                ; USE_INPUT_CLKEN      ; Untyped                                  ;
; ENABLE_ECC                         ; FALSE                ; Untyped                                  ;
; DEVICE_FAMILY                      ; Cyclone III          ; Untyped                                  ;
; CBXI_PARAMETER                     ; altsyncram_m6a1      ; Untyped                                  ;
+------------------------------------+----------------------+------------------------------------------+
Note: In order to hide this table in the UI and the text report file, please set the "Show Parameter Settings Tables in Synthesis Report" option in "Analysis and Synthesis Settings -> More Settings" to "Off".


+-----------------------------------------------------------------------------------------------------+
; altsyncram Parameter Settings by Entity Instance                                                    ;
+-------------------------------------------+---------------------------------------------------------+
; Name                                      ; Value                                                   ;
+-------------------------------------------+---------------------------------------------------------+
; Number of entity instances                ; 1                                                       ;
; Entity Instance                           ; data_rom:inst4|romd1:u1|altsyncram:altsyncram_component ;
;     -- OPERATION_MODE                     ; ROM                                                     ;
;     -- WIDTH_A                            ; 5                                                       ;
;     -- NUMWORDS_A                         ; 1024                                                    ;
;     -- OUTDATA_REG_A                      ; UNREGISTERED                                            ;
;     -- WIDTH_B                            ; 1                                                       ;
;     -- NUMWORDS_B                         ; 1                                                       ;
;     -- ADDRESS_REG_B                      ; CLOCK1                                                  ;
;     -- OUTDATA_REG_B                      ; UNREGISTERED                                            ;
;     -- RAM_BLOCK_TYPE                     ; AUTO                                                    ;
;     -- READ_DURING_WRITE_MODE_MIXED_PORTS ; DONT_CARE                                               ;
+-------------------------------------------+---------------------------------------------------------+


+-------------------------------+
; Analysis & Synthesis Messages ;
+-------------------------------+
Info: *******************************************************************
Info: Running Quartus II Analysis & Synthesis
    Info: Version 9.0 Build 132 02/25/2009 SJ Full Version
    Info: Processing started: Fri Nov 12 17:48:32 2021
Info: Command: quartus_map --read_settings_files=on --write_settings_files=off music -c music
Info: Found 1 design units, including 1 entities, in source file div.v
    Info: Found entity 1: div
Info: Found 1 design units, including 1 entities, in source file ToneTaba.v
    Info: Found entity 1: ToneTaba
Info: Found 1 design units, including 1 entities, in source file speaker.v
    Info: Found entity 1: speaker
Info: Found 1 design units, including 1 entities, in source file data_rom.v
    Info: Found entity 1: data_rom
Info: Found 1 design units, including 1 entities, in source file romd.v
    Info: Found entity 1: romd
Info: Found 1 design units, including 1 entities, in source file music.bdf
    Info: Found entity 1: music
Info: Found 1 design units, including 1 entities, in source file romd1.v
    Info: Found entity 1: romd1
Info: Elaborating entity "music" for the top level hierarchy
Info: Elaborating entity "speaker" for hierarchy "speaker:inst3"
Warning (10230): Verilog HDL assignment warning at speaker.v(17): truncated value with size 32 to match size of target (4)
Warning (10230): Verilog HDL assignment warning at speaker.v(30): truncated value with size 32 to match size of target (11)
Info: Elaborating entity "ToneTaba" for hierarchy "ToneTaba:inst9"
Warning (10036): Verilog HDL or VHDL warning at ToneTaba.v(5): object "decode" assigned a value but never read
Warning (10036): Verilog HDL or VHDL warning at ToneTaba.v(6): object "HIGH" assigned a value but never read
Warning (10240): Verilog HDL Always Construct warning at ToneTaba.v(9): inferring latch(es) for variable "Tone", which holds its previous value in one or more paths through the always construct
Warning (10230): Verilog HDL assignment warning at ToneTaba.v(41): truncated value with size 32 to match size of target (5)
Warning (10235): Verilog HDL Always Construct warning at ToneTaba.v(42): variable "temp_code" is read inside the Always Construct but isn't in the Always Construct's Event Control
Warning (10235): Verilog HDL Always Construct warning at ToneTaba.v(43): variable "temp_code" is read inside the Always Construct but isn't in the Always Construct's Event Control
Warning (10230): Verilog HDL assignment warning at ToneTaba.v(47): truncated value with size 32 to match size of target (5)
Warning (10235): Verilog HDL Always Construct warning at ToneTaba.v(48): variable "temp_code" is read inside the Always Construct but isn't in the Always Construct's Event Control
Warning (10235): Verilog HDL Always Construct warning at ToneTaba.v(49): variable "temp_code" is read inside the Always Construct but isn't in the Always Construct's Event Control
Warning (10235): Verilog HDL Always Construct warning at ToneTaba.v(54): variable "temp_code" is read inside the Always Construct but isn't in the Always Construct's Event Control
Warning (10235): Verilog HDL Always Construct warning at ToneTaba.v(55): variable "temp_code" is read inside the Always Construct but isn't in the Always Construct's Event Control
Info (10041): Inferred latch for "Tone[0]" at ToneTaba.v(9)
Info (10041): Inferred latch for "Tone[1]" at ToneTaba.v(9)
Info (10041): Inferred latch for "Tone[2]" at ToneTaba.v(9)
Info (10041): Inferred latch for "Tone[3]" at ToneTaba.v(9)
Info (10041): Inferred latch for "Tone[4]" at ToneTaba.v(9)
Info (10041): Inferred latch for "Tone[5]" at ToneTaba.v(9)
Info (10041): Inferred latch for "Tone[6]" at ToneTaba.v(9)
Info (10041): Inferred latch for "Tone[7]" at ToneTaba.v(9)
Info (10041): Inferred latch for "Tone[8]" at ToneTaba.v(9)
Info (10041): Inferred latch for "Tone[9]" at ToneTaba.v(9)
Info (10041): Inferred latch for "Tone[10]" at ToneTaba.v(9)
Info: Elaborating entity "data_rom" for hierarchy "data_rom:inst4"
Warning (10230): Verilog HDL assignment warning at data_rom.v(12): truncated value with size 32 to match size of target (10)
Warning (10230): Verilog HDL assignment warning at data_rom.v(18): truncated value with size 32 to match size of target (10)
Warning (10230): Verilog HDL assignment warning at data_rom.v(24): truncated value with size 32 to match size of target (10)
Warning (10230): Verilog HDL assignment warning at data_rom.v(30): truncated value with size 32 to match size of target (10)
Info: Elaborating entity "romd1" for hierarchy "data_rom:inst4|romd1:u1"
Info: Elaborating entity "altsyncram" for hierarchy "data_rom:inst4|romd1:u1|altsyncram:altsyncram_component"
Info: Elaborated megafunction instantiation "data_rom:inst4|romd1:u1|altsyncram:altsyncram_component"
Info: Instantiated megafunction "data_rom:inst4|romd1:u1|altsyncram:altsyncram_component" with the following parameter:
    Info: Parameter "address_aclr_a" = "NONE"
    Info: Parameter "clock_enable_input_a" = "BYPASS"
    Info: Parameter "clock_enable_output_a" = "BYPASS"
    Info: Parameter "init_file" = "AllMusic.mif"
    Info: Parameter "intended_device_family" = "Cyclone III"
    Info: Parameter "lpm_hint" = "ENABLE_RUNTIME_MOD=NO"
    Info: Parameter "lpm_type" = "altsyncram"
    Info: Parameter "numwords_a" = "1024"
    Info: Parameter "operation_mode" = "ROM"
    Info: Parameter "outdata_aclr_a" = "NONE"
    Info: Parameter "outdata_reg_a" = "UNREGISTERED"
    Info: Parameter "widthad_a" = "10"
    Info: Parameter "width_a" = "5"
    Info: Parameter "width_byteena_a" = "1"
Info: Found 1 design units, including 1 entities, in source file db/altsyncram_m6a1.tdf
    Info: Found entity 1: altsyncram_m6a1
Info: Elaborating entity "altsyncram_m6a1" for hierarchy "data_rom:inst4|romd1:u1|altsyncram:altsyncram_component|altsyncram_m6a1:auto_generated"
Info: Elaborating entity "div" for hierarchy "div:inst"
Warning: Latch ToneTaba:inst9|Tone[0] has unsafe behavior
    Warning: Ports D and ENA on the latch are fed by the same signal data_rom:inst4|romd1:u1|altsyncram:altsyncram_component|altsyncram_m6a1:auto_generated|q_a[4]
Warning: Latch ToneTaba:inst9|Tone[1] has unsafe behavior
    Warning: Ports D and ENA on the latch are fed by the same signal data_rom:inst4|romd1:u1|altsyncram:altsyncram_component|altsyncram_m6a1:auto_generated|q_a[4]
Warning: Latch ToneTaba:inst9|Tone[2] has unsafe behavior
    Warning: Ports D and ENA on the latch are fed by the same signal data_rom:inst4|romd1:u1|altsyncram:altsyncram_component|altsyncram_m6a1:auto_generated|q_a[4]
Warning: Latch ToneTaba:inst9|Tone[3] has unsafe behavior
    Warning: Ports D and ENA on the latch are fed by the same signal data_rom:inst4|romd1:u1|altsyncram:altsyncram_component|altsyncram_m6a1:auto_generated|q_a[4]
Warning: Latch ToneTaba:inst9|Tone[4] has unsafe behavior
    Warning: Ports D and ENA on the latch are fed by the same signal data_rom:inst4|romd1:u1|altsyncram:altsyncram_component|altsyncram_m6a1:auto_generated|q_a[3]
Warning: Latch ToneTaba:inst9|Tone[5] has unsafe behavior
    Warning: Ports D and ENA on the latch are fed by the same signal data_rom:inst4|romd1:u1|altsyncram:altsyncram_component|altsyncram_m6a1:auto_generated|q_a[4]
Warning: Latch ToneTaba:inst9|Tone[6] has unsafe behavior
    Warning: Ports D and ENA on the latch are fed by the same signal data_rom:inst4|romd1:u1|altsyncram:altsyncram_component|altsyncram_m6a1:auto_generated|q_a[3]
Warning: Latch ToneTaba:inst9|Tone[7] has unsafe behavior
    Warning: Ports D and ENA on the latch are fed by the same signal data_rom:inst4|romd1:u1|altsyncram:altsyncram_component|altsyncram_m6a1:auto_generated|q_a[3]
Warning: Latch ToneTaba:inst9|Tone[8] has unsafe behavior
    Warning: Ports D and ENA on the latch are fed by the same signal data_rom:inst4|romd1:u1|altsyncram:altsyncram_component|altsyncram_m6a1:auto_generated|q_a[4]
Warning: Latch ToneTaba:inst9|Tone[9] has unsafe behavior
    Warning: Ports D and ENA on the latch are fed by the same signal data_rom:inst4|romd1:u1|altsyncram:altsyncram_component|altsyncram_m6a1:auto_generated|q_a[4]
Warning: Latch ToneTaba:inst9|Tone[10] has unsafe behavior
    Warning: Ports D and ENA on the latch are fed by the same signal data_rom:inst4|romd1:u1|altsyncram:altsyncram_component|altsyncram_m6a1:auto_generated|q_a[4]
Info: Generated suppressed messages file E:/FPGA/music/music.map.smsg
Info: Implemented 157 device resources after synthesis - the final resource count might be different
    Info: Implemented 4 input pins
    Info: Implemented 1 output pins
    Info: Implemented 147 logic cells
    Info: Implemented 5 RAM segments
Info: Quartus II Analysis & Synthesis was successful. 0 errors, 39 warnings
    Info: Peak virtual memory: 233 megabytes
    Info: Processing ended: Fri Nov 12 17:48:43 2021
    Info: Elapsed time: 00:00:11
    Info: Total CPU time (on all processors): 00:00:02


+------------------------------------------+
; Analysis & Synthesis Suppressed Messages ;
+------------------------------------------+
The suppressed messages can be found in E:/FPGA/music/music.map.smsg.


