Simulator report for decoder24
Sun Sep 26 15:07:51 2021
Quartus II 64-Bit Version 9.0 Build 132 02/25/2009 SJ Full Version


---------------------
; Table of Contents ;
---------------------
  1. Legal Notice
  2. Simulator Summary
  3. Simulator Settings
  4. Simulation Waveforms
  5. Coverage Summary
  6. Complete 1/0-Value Coverage
  7. Missing 1-Value Coverage
  8. Missing 0-Value Coverage
  9. Simulator INI Usage
 10. Simulator Messages



----------------
; Legal Notice ;
----------------
Copyright (C) 1991-2009 Altera Corporation
Your use of Altera Corporation's design tools, logic functions 
and other software and tools, and its AMPP partner logic 
functions, and any output files from any of the foregoing 
(including device programming or simulation files), and any 
associated documentation or information are expressly subject 
to the terms and conditions of the Altera Program License 
Subscription Agreement, Altera MegaCore Function License 
Agreement, or other applicable license agreement, including, 
without limitation, that your use is for the sole purpose of 
programming logic devices manufactured by Altera and sold by 
Altera or its authorized distributors.  Please refer to the 
applicable agreement for further details.



+--------------------------------------------+
; Simulator Summary                          ;
+-----------------------------+--------------+
; Type                        ; Value        ;
+-----------------------------+--------------+
; Simulation Start Time       ; 0 ps         ;
; Simulation End Time         ; 50.0 us      ;
; Simulation Netlist Size     ; 15 nodes     ;
; Simulation Coverage         ;     100.00 % ;
; Total Number of Transitions ; 79461        ;
; Simulation Breakpoints      ; 0            ;
; Family                      ; Cyclone III  ;
+-----------------------------+--------------+


+----------------------------------------------------------------------------------------------------------------------------+
; Simulator Settings                                                                                                         ;
+--------------------------------------------------------------------------------------------+---------------+---------------+
; Option                                                                                     ; Setting       ; Default Value ;
+--------------------------------------------------------------------------------------------+---------------+---------------+
; Simulation mode                                                                            ; Functional    ; Timing        ;
; Start time                                                                                 ; 0 ns          ; 0 ns          ;
; Simulation results format                                                                  ; CVWF          ;               ;
; Vector input source                                                                        ; decoder24.vwf ;               ;
; Add pins automatically to simulation output waveforms                                      ; On            ; On            ;
; Check outputs                                                                              ; Off           ; Off           ;
; Report simulation coverage                                                                 ; On            ; On            ;
; Display complete 1/0 value coverage report                                                 ; On            ; On            ;
; Display missing 1-value coverage report                                                    ; On            ; On            ;
; Display missing 0-value coverage report                                                    ; On            ; On            ;
; Detect setup and hold time violations                                                      ; Off           ; Off           ;
; Detect glitches                                                                            ; Off           ; Off           ;
; Disable timing delays in Timing Simulation                                                 ; Off           ; Off           ;
; Generate Signal Activity File                                                              ; Off           ; Off           ;
; Generate VCD File for PowerPlay Power Analyzer                                             ; Off           ; Off           ;
; Group bus channels in simulation results                                                   ; Off           ; Off           ;
; Preserve fewer signal transitions to reduce memory requirements                            ; On            ; On            ;
; Trigger vector comparison with the specified mode                                          ; INPUT_EDGE    ; INPUT_EDGE    ;
; Disable setup and hold time violations detection in input registers of bi-directional pins ; Off           ; Off           ;
; Overwrite Waveform Inputs With Simulation Outputs                                          ; Off           ;               ;
; Perform Glitch Filtering in Timing Simulation                                              ; Auto          ; Auto          ;
; Interconnect Delay Model Type                                                              ; Transport     ; Transport     ;
; Cell Delay Model Type                                                                      ; Transport     ; Transport     ;
+--------------------------------------------------------------------------------------------+---------------+---------------+


+----------------------+
; Simulation Waveforms ;
+----------------------+
Waveform report data cannot be output to ASCII.
Please use Quartus II 64-Bit to view the waveform report data.


+--------------------------------------------------------------------+
; Coverage Summary                                                   ;
+-----------------------------------------------------+--------------+
; Type                                                ; Value        ;
+-----------------------------------------------------+--------------+
; Total coverage as a percentage                      ;     100.00 % ;
; Total nodes checked                                 ; 15           ;
; Total output ports checked                          ; 15           ;
; Total output ports with complete 1/0-value coverage ; 15           ;
; Total output ports with no 1/0-value coverage       ; 0            ;
; Total output ports with no 1-value coverage         ; 0            ;
; Total output ports with no 0-value coverage         ; 0            ;
+-----------------------------------------------------+--------------+


The following table displays output ports that toggle between 1 and 0 during simulation.
+--------------------------------------------------------+
; Complete 1/0-Value Coverage                            ;
+------------------+------------------+------------------+
; Node Name        ; Output Port Name ; Output Port Type ;
+------------------+------------------+------------------+
; |decoder24|m0    ; |decoder24|m0    ; pin_out          ;
; |decoder24|inst6 ; |decoder24|inst6 ; out0             ;
; |decoder24|en    ; |decoder24|en    ; out              ;
; |decoder24|inst  ; |decoder24|inst  ; out0             ;
; |decoder24|g2    ; |decoder24|g2    ; out              ;
; |decoder24|g1    ; |decoder24|g1    ; out              ;
; |decoder24|m1    ; |decoder24|m1    ; pin_out          ;
; |decoder24|inst7 ; |decoder24|inst7 ; out0             ;
; |decoder24|inst1 ; |decoder24|inst1 ; out0             ;
; |decoder24|m2    ; |decoder24|m2    ; pin_out          ;
; |decoder24|inst8 ; |decoder24|inst8 ; out0             ;
; |decoder24|inst2 ; |decoder24|inst2 ; out0             ;
; |decoder24|m3    ; |decoder24|m3    ; pin_out          ;
; |decoder24|inst9 ; |decoder24|inst9 ; out0             ;
; |decoder24|inst3 ; |decoder24|inst3 ; out0             ;
+------------------+------------------+------------------+


The following table displays output ports that do not toggle to 1 during simulation.
+-------------------------------------------------+
; Missing 1-Value Coverage                        ;
+-----------+------------------+------------------+
; Node Name ; Output Port Name ; Output Port Type ;
+-----------+------------------+------------------+


The following table displays output ports that do not toggle to 0 during simulation.
+-------------------------------------------------+
; Missing 0-Value Coverage                        ;
+-----------+------------------+------------------+
; Node Name ; Output Port Name ; Output Port Type ;
+-----------+------------------+------------------+


+---------------------+
; Simulator INI Usage ;
+--------+------------+
; Option ; Usage      ;
+--------+------------+


+--------------------+
; Simulator Messages ;
+--------------------+
Info: *******************************************************************
Info: Running Quartus II 64-Bit Simulator
    Info: Version 9.0 Build 132 02/25/2009 SJ Full Version
    Info: Processing started: Sun Sep 26 15:07:50 2021
Info: Command: quartus_sim --read_settings_files=on --write_settings_files=off decoder24 -c decoder24
Info: Using vector source file "C:/quartus_experiment/decoder24/decoder24.vwf"
Info: Option to preserve fewer signal transitions to reduce memory requirements is enabled
    Info: Simulation has been partitioned into sub-simulations according to the maximum transition count determined by the engine. Transitions from memory will be flushed out to disk at the end of each sub-simulation to reduce memory requirements.
Info: Simulation partitioned into 1 sub-simulations
Info: Simulation coverage is     100.00 %
Info: Number of transitions in simulation is 79461
Warning: FLEXlm software error: Future license file format or misspelling in license file.  The file was issued for a later version of FLEXnet Licensing than this  program understands. Feature:       quartus_developer License text:  0edd24fdc721 TS_OK SIGN="1522 268B BDB1 6671 2B23 C443 3798 D110 5ACD 5571 F8CD 45C6 11E7 EB10 992E 1B47 84FE A8CB 111D 4C18 EAC6 A7AA 2F4B 1CFA 5DC7 93E3 57D7 93C6 C45A A622" License path:  C:\quartus\bin\license.DAT FLEXnet Licensing error:-90,313 For further information, refer to the FLEXnet Licensing End User Guide, available at "www.macrovision.com".
Warning: FLEXlm software error: Future license file format or misspelling in license file.  The file was issued for a later version of FLEXnet Licensing than this  program understands. Feature:       quartus_developer License text:  0edd24fdc721 TS_OK SIGN="1522 268B BDB1 6671 2B23 C443 3798 D110 5ACD 5571 F8CD 45C6 11E7 EB10 992E 1B47 84FE A8CB 111D 4C18 EAC6 A7AA 2F4B 1CFA 5DC7 93E3 57D7 93C6 C45A A622" License path:  C:\quartus\bin\license.DAT FLEXnet Licensing error:-90,313 For further information, refer to the FLEXnet Licensing End User Guide, available at "www.macrovision.com".
Warning: FLEXlm software error: Future license file format or misspelling in license file.  The file was issued for a later version of FLEXnet Licensing than this  program understands. Feature:       quartus_developer License text:  0edd24fdc721 TS_OK SIGN="1522 268B BDB1 6671 2B23 C443 3798 D110 5ACD 5571 F8CD 45C6 11E7 EB10 992E 1B47 84FE A8CB 111D 4C18 EAC6 A7AA 2F4B 1CFA 5DC7 93E3 57D7 93C6 C45A A622" License path:  C:\quartus\bin\license.DAT FLEXnet Licensing error:-90,313 For further information, refer to the FLEXnet Licensing End User Guide, available at "www.macrovision.com".
Warning: FLEXlm software error: Future license file format or misspelling in license file.  The file was issued for a later version of FLEXnet Licensing than this  program understands. Feature:       quartus License text:  0edd24fdc721 TS_OK SIGN="1522 268B BDB1 6671 2B23 C443 3798 D110 5ACD 5571 F8CD 45C6 11E7 EB10 992E 1B47 84FE A8CB 111D 4C18 EAC6 A7AA 2F4B 1CFA 5DC7 93E3 57D7 93C6 C45A A622" License path:  C:\quartus\bin\license.DAT FLEXnet Licensing error:-90,313 For further information, refer to the FLEXnet Licensing End User Guide, available at "www.macrovision.com".
Warning: FLEXlm software error: Future license file format or misspelling in license file.  The file was issued for a later version of FLEXnet Licensing than this  program understands. Feature:       quartus_developer License text:  0edd24fdc721 TS_OK SIGN="1522 268B BDB1 6671 2B23 C443 3798 D110 5ACD 5571 F8CD 45C6 11E7 EB10 992E 1B47 84FE A8CB 111D 4C18 EAC6 A7AA 2F4B 1CFA 5DC7 93E3 57D7 93C6 C45A A622" License path:  C:\quartus\bin\license.DAT FLEXnet Licensing error:-90,313 For further information, refer to the FLEXnet Licensing End User Guide, available at "www.macrovision.com".
Warning: FLEXlm software error: Future license file format or misspelling in license file.  The file was issued for a later version of FLEXnet Licensing than this  program understands. Feature:       quartus_lite License text:  0edd24fdc721 TS_OK SIGN="1522 268B BDB1 6671 2B23 C443 3798 D110 5ACD 5571 F8CD 45C6 11E7 EB10 992E 1B47 84FE A8CB 111D 4C18 EAC6 A7AA 2F4B 1CFA 5DC7 93E3 57D7 93C6 C45A A622" License path:  C:\quartus\bin\license.DAT FLEXnet Licensing error:-90,313 For further information, refer to the FLEXnet Licensing End User Guide, available at "www.macrovision.com".
Warning: FLEXlm software error: Future license file format or misspelling in license file.  The file was issued for a later version of FLEXnet Licensing than this  program understands. Feature:       quartus_developer License text:  0edd24fdc721 TS_OK SIGN="1522 268B BDB1 6671 2B23 C443 3798 D110 5ACD 5571 F8CD 45C6 11E7 EB10 992E 1B47 84FE A8CB 111D 4C18 EAC6 A7AA 2F4B 1CFA 5DC7 93E3 57D7 93C6 C45A A622" License path:  C:\quartus\bin\license.DAT FLEXnet Licensing error:-90,313 For further information, refer to the FLEXnet Licensing End User Guide, available at "www.macrovision.com".
Warning: FLEXlm software error: Future license file format or misspelling in license file.  The file was issued for a later version of FLEXnet Licensing than this  program understands. Feature:       quartus_debug License text:  0edd24fdc721 TS_OK SIGN="1522 268B BDB1 6671 2B23 C443 3798 D110 5ACD 5571 F8CD 45C6 11E7 EB10 992E 1B47 84FE A8CB 111D 4C18 EAC6 A7AA 2F4B 1CFA 5DC7 93E3 57D7 93C6 C45A A622" License path:  C:\quartus\bin\license.DAT FLEXnet Licensing error:-90,313 For further information, refer to the FLEXnet Licensing End User Guide, available at "www.macrovision.com".
Info: Quartus II 64-Bit Simulator was successful. 0 errors, 16 warnings
    Info: Peak virtual memory: 4311 megabytes
    Info: Processing ended: Sun Sep 26 15:07:51 2021
    Info: Elapsed time: 00:00:01
    Info: Total CPU time (on all processors): 00:00:01


