Flow report for cnt12
Fri Oct 22 18:02:26 2021
Quartus II Version 9.0 Build 132 02/25/2009 SJ Full Version


---------------------
; Table of Contents ;
---------------------
  1. Legal Notice
  2. Flow Summary
  3. Flow Settings
  4. Flow Non-Default Global Settings
  5. Flow Elapsed Time
  6. Flow OS Summary
  7. Flow Log



----------------
; Legal Notice ;
----------------
Copyright (C) 1991-2009 Altera Corporation
Your use of Altera Corporation's design tools, logic functions 
and other software and tools, and its AMPP partner logic 
functions, and any output files from any of the foregoing 
(including device programming or simulation files), and any 
associated documentation or information are expressly subject 
to the terms and conditions of the Altera Program License 
Subscription Agreement, Altera MegaCore Function License 
Agreement, or other applicable license agreement, including, 
without limitation, that your use is for the sole purpose of 
programming logic devices manufactured by Altera and sold by 
Altera or its authorized distributors.  Please refer to the 
applicable agreement for further details.



+-------------------------------------------------------------------------------+
; Flow Summary                                                                  ;
+------------------------------------+------------------------------------------+
; Flow Status                        ; Successful - Fri Oct 22 18:02:19 2021    ;
; Quartus II Version                 ; 9.0 Build 132 02/25/2009 SJ Full Version ;
; Revision Name                      ; cnt12                                    ;
; Top-level Entity Name              ; cnt12                                    ;
; Family                             ; Cyclone III                              ;
; Device                             ; EP3C55F484I7                             ;
; Timing Models                      ; Final                                    ;
; Met timing requirements            ; N/A                                      ;
; Total logic elements               ; 144 / 55,856 ( < 1 % )                   ;
;     Total combinational functions  ; 141 / 55,856 ( < 1 % )                   ;
;     Dedicated logic registers      ; 78 / 55,856 ( < 1 % )                    ;
; Total registers                    ; 78                                       ;
; Total pins                         ; 25 / 328 ( 8 % )                         ;
; Total virtual pins                 ; 0                                        ;
; Total memory bits                  ; 0 / 2,396,160 ( 0 % )                    ;
; Embedded Multiplier 9-bit elements ; 0 / 312 ( 0 % )                          ;
; Total PLLs                         ; 0 / 4 ( 0 % )                            ;
+------------------------------------+------------------------------------------+


+-----------------------------------------+
; Flow Settings                           ;
+-------------------+---------------------+
; Option            ; Setting             ;
+-------------------+---------------------+
; Start date & time ; 10/22/2021 18:01:57 ;
; Main task         ; Compilation         ;
; Revision Name     ; cnt12               ;
+-------------------+---------------------+


+-------------------------------------------------------------------------------------------------------------------------------+
; Flow Non-Default Global Settings                                                                                              ;
+------------------------------------+-------------------------------------------+---------------+-------------+----------------+
; Assignment Name                    ; Value                                     ; Default Value ; Entity Name ; Section Id     ;
+------------------------------------+-------------------------------------------+---------------+-------------+----------------+
; COMPILER_SIGNATURE_ID              ; 14143947917093.163489691705028            ; --            ; --          ; --             ;
; MAX_CORE_JUNCTION_TEMP             ; 100                                       ; --            ; --          ; --             ;
; MIN_CORE_JUNCTION_TEMP             ; -40                                       ; --            ; --          ; --             ;
; MISC_FILE                          ; D:/大学/作业/数字系统实践/cnt12/cnt12.dpf ; --            ; --          ; --             ;
; MISC_FILE                          ; D:/数字系统实践/cnt12/cnt12.dpf           ; --            ; --          ; --             ;
; MISC_FILE                          ; D:/cnt12/cnt12.dpf                        ; --            ; --          ; --             ;
; MISC_FILE                          ; C:/Users/柠碑/Desktop/cnt12/cnt12.dpf     ; --            ; --          ; --             ;
; NOMINAL_CORE_SUPPLY_VOLTAGE        ; 1.2V                                      ; --            ; --          ; --             ;
; PARTITION_COLOR                    ; 16764057                                  ; --            ; --          ; Top            ;
; PARTITION_NETLIST_TYPE             ; SOURCE                                    ; --            ; --          ; Top            ;
; USE_GENERATED_PHYSICAL_CONSTRAINTS ; Off                                       ; --            ; --          ; eda_blast_fpga ;
+------------------------------------+-------------------------------------------+---------------+-------------+----------------+


+-------------------------------------------------------------------------------------------------------------------------------+
; Flow Elapsed Time                                                                                                             ;
+---------------------------+--------------+-------------------------+---------------------+------------------------------------+
; Module Name               ; Elapsed Time ; Average Processors Used ; Peak Virtual Memory ; Total CPU Time (on all processors) ;
+---------------------------+--------------+-------------------------+---------------------+------------------------------------+
; Analysis & Synthesis      ; 00:00:03     ; 1.0                     ; 229 MB              ; 00:00:02                           ;
; Fitter                    ; 00:00:11     ; 1.0                     ; 383 MB              ; 00:00:10                           ;
; Assembler                 ; 00:00:06     ; 1.0                     ; 322 MB              ; 00:00:05                           ;
; TimeQuest Timing Analyzer ; 00:00:06     ; 1.0                     ; 292 MB              ; 00:00:05                           ;
; Total                     ; 00:00:26     ; --                      ; --                  ; 00:00:22                           ;
+---------------------------+--------------+-------------------------+---------------------+------------------------------------+


+--------------------------------------------------------------------------------------------+
; Flow OS Summary                                                                            ;
+---------------------------+------------------+---------------+------------+----------------+
; Module Name               ; Machine Hostname ; OS Name       ; OS Version ; Processor type ;
+---------------------------+------------------+---------------+------------+----------------+
; Analysis & Synthesis      ; DESKTOP-A1LVK2N  ; Windows Vista ; 6.2        ; x86_64         ;
; Fitter                    ; DESKTOP-A1LVK2N  ; Windows Vista ; 6.2        ; x86_64         ;
; Assembler                 ; DESKTOP-A1LVK2N  ; Windows Vista ; 6.2        ; x86_64         ;
; TimeQuest Timing Analyzer ; DESKTOP-A1LVK2N  ; Windows Vista ; 6.2        ; x86_64         ;
+---------------------------+------------------+---------------+------------+----------------+


------------
; Flow Log ;
------------
quartus_map --read_settings_files=on --write_settings_files=off cnt12 -c cnt12
quartus_fit --read_settings_files=off --write_settings_files=off cnt12 -c cnt12
quartus_asm --read_settings_files=off --write_settings_files=off cnt12 -c cnt12
quartus_sta cnt12 -c cnt12



