Flow report for mux21a
Thu Sep 23 14:40:46 2021
Quartus II 64-Bit Version 9.0 Build 132 02/25/2009 SJ Full Version


---------------------
; Table of Contents ;
---------------------
  1. Legal Notice
  2. Flow Summary
  3. Flow Settings
  4. Flow Non-Default Global Settings
  5. Flow Elapsed Time
  6. Flow OS Summary
  7. Flow Log



----------------
; Legal Notice ;
----------------
Copyright (C) 1991-2009 Altera Corporation
Your use of Altera Corporation's design tools, logic functions 
and other software and tools, and its AMPP partner logic 
functions, and any output files from any of the foregoing 
(including device programming or simulation files), and any 
associated documentation or information are expressly subject 
to the terms and conditions of the Altera Program License 
Subscription Agreement, Altera MegaCore Function License 
Agreement, or other applicable license agreement, including, 
without limitation, that your use is for the sole purpose of 
programming logic devices manufactured by Altera and sold by 
Altera or its authorized distributors.  Please refer to the 
applicable agreement for further details.



+-------------------------------------------------------------------------------+
; Flow Summary                                                                  ;
+------------------------------------+------------------------------------------+
; Flow Status                        ; Successful - Thu Sep 23 14:40:43 2021    ;
; Quartus II 64-Bit Version          ; 9.0 Build 132 02/25/2009 SJ Full Version ;
; Revision Name                      ; mux21a                                   ;
; Top-level Entity Name              ; mux31                                    ;
; Family                             ; Cyclone III                              ;
; Device                             ; EP3C55F484I7                             ;
; Timing Models                      ; Final                                    ;
; Met timing requirements            ; N/A                                      ;
; Total logic elements               ; 2 / 55,856 ( < 1 % )                     ;
;     Total combinational functions  ; 2 / 55,856 ( < 1 % )                     ;
;     Dedicated logic registers      ; 0 / 55,856 ( 0 % )                       ;
; Total registers                    ; 0                                        ;
; Total pins                         ; 6 / 328 ( 2 % )                          ;
; Total virtual pins                 ; 0                                        ;
; Total memory bits                  ; 0 / 2,396,160 ( 0 % )                    ;
; Embedded Multiplier 9-bit elements ; 0 / 312 ( 0 % )                          ;
; Total PLLs                         ; 0 / 4 ( 0 % )                            ;
+------------------------------------+------------------------------------------+


+-----------------------------------------+
; Flow Settings                           ;
+-------------------+---------------------+
; Option            ; Setting             ;
+-------------------+---------------------+
; Start date & time ; 09/23/2021 14:40:33 ;
; Main task         ; Compilation         ;
; Revision Name     ; mux21a              ;
+-------------------+---------------------+


+--------------------------------------------------------------------------------------------------------------------+
; Flow Non-Default Global Settings                                                                                   ;
+------------------------------------+--------------------------------+---------------+-------------+----------------+
; Assignment Name                    ; Value                          ; Default Value ; Entity Name ; Section Id     ;
+------------------------------------+--------------------------------+---------------+-------------+----------------+
; COMPILER_SIGNATURE_ID              ; 14143947917093.163237923321376 ; --            ; --          ; --             ;
; MAX_CORE_JUNCTION_TEMP             ; 100                            ; --            ; --          ; --             ;
; MIN_CORE_JUNCTION_TEMP             ; -40                            ; --            ; --          ; --             ;
; NOMINAL_CORE_SUPPLY_VOLTAGE        ; 1.2V                           ; --            ; --          ; --             ;
; PARTITION_COLOR                    ; 16764057                       ; --            ; mux31       ; Top            ;
; PARTITION_NETLIST_TYPE             ; SOURCE                         ; --            ; mux31       ; Top            ;
; TOP_LEVEL_ENTITY                   ; mux31                          ; mux21a        ; --          ; --             ;
; USE_GENERATED_PHYSICAL_CONSTRAINTS ; Off                            ; --            ; --          ; eda_blast_fpga ;
+------------------------------------+--------------------------------+---------------+-------------+----------------+


+-------------------------------------------------------------------------------------------------------------------------------+
; Flow Elapsed Time                                                                                                             ;
+---------------------------+--------------+-------------------------+---------------------+------------------------------------+
; Module Name               ; Elapsed Time ; Average Processors Used ; Peak Virtual Memory ; Total CPU Time (on all processors) ;
+---------------------------+--------------+-------------------------+---------------------+------------------------------------+
; Analysis & Synthesis      ; 00:00:01     ; 1.0                     ; 4415 MB             ; 00:00:01                           ;
; Fitter                    ; 00:00:06     ; 1.0                     ; 4609 MB             ; 00:00:06                           ;
; Assembler                 ; 00:00:01     ; 1.0                     ; 4361 MB             ; 00:00:00                           ;
; TimeQuest Timing Analyzer ; 00:00:02     ; 1.0                     ; 4487 MB             ; 00:00:02                           ;
; Total                     ; 00:00:10     ; --                      ; --                  ; 00:00:09                           ;
+---------------------------+--------------+-------------------------+---------------------+------------------------------------+


+--------------------------------------------------------------------------------------------+
; Flow OS Summary                                                                            ;
+---------------------------+------------------+---------------+------------+----------------+
; Module Name               ; Machine Hostname ; OS Name       ; OS Version ; Processor type ;
+---------------------------+------------------+---------------+------------+----------------+
; Analysis & Synthesis      ; DESKTOP-A1LVK2N  ; Windows Vista ; 6.2        ; x86_64         ;
; Fitter                    ; DESKTOP-A1LVK2N  ; Windows Vista ; 6.2        ; x86_64         ;
; Assembler                 ; DESKTOP-A1LVK2N  ; Windows Vista ; 6.2        ; x86_64         ;
; TimeQuest Timing Analyzer ; DESKTOP-A1LVK2N  ; Windows Vista ; 6.2        ; x86_64         ;
+---------------------------+------------------+---------------+------------+----------------+


------------
; Flow Log ;
------------
quartus_map --read_settings_files=on --write_settings_files=off mux21a -c mux21a
quartus_fit --read_settings_files=off --write_settings_files=off mux21a -c mux21a
quartus_asm --read_settings_files=off --write_settings_files=off mux21a -c mux21a
quartus_sta mux21a -c mux21a



