Flow report for cnt12b
Fri Oct 22 01:10:15 2021
Quartus II Version 9.0 Build 132 02/25/2009 SJ Full Version


---------------------
; Table of Contents ;
---------------------
  1. Legal Notice
  2. Flow Summary
  3. Flow Settings
  4. Flow Non-Default Global Settings
  5. Flow Elapsed Time
  6. Flow OS Summary
  7. Flow Log



----------------
; Legal Notice ;
----------------
Copyright (C) 1991-2009 Altera Corporation
Your use of Altera Corporation's design tools, logic functions 
and other software and tools, and its AMPP partner logic 
functions, and any output files from any of the foregoing 
(including device programming or simulation files), and any 
associated documentation or information are expressly subject 
to the terms and conditions of the Altera Program License 
Subscription Agreement, Altera MegaCore Function License 
Agreement, or other applicable license agreement, including, 
without limitation, that your use is for the sole purpose of 
programming logic devices manufactured by Altera and sold by 
Altera or its authorized distributors.  Please refer to the 
applicable agreement for further details.



+-------------------------------------------------------------------------------+
; Flow Summary                                                                  ;
+------------------------------------+------------------------------------------+
; Flow Status                        ; Successful - Fri Oct 22 01:10:07 2021    ;
; Quartus II Version                 ; 9.0 Build 132 02/25/2009 SJ Full Version ;
; Revision Name                      ; cnt12b                                   ;
; Top-level Entity Name              ; CNT12B                                   ;
; Family                             ; Cyclone III                              ;
; Device                             ; EP3C55U484I7                             ;
; Timing Models                      ; Final                                    ;
; Met timing requirements            ; N/A                                      ;
; Total logic elements               ; 141 / 55,856 ( < 1 % )                   ;
;     Total combinational functions  ; 138 / 55,856 ( < 1 % )                   ;
;     Dedicated logic registers      ; 81 / 55,856 ( < 1 % )                    ;
; Total registers                    ; 81                                       ;
; Total pins                         ; 24 / 328 ( 7 % )                         ;
; Total virtual pins                 ; 0                                        ;
; Total memory bits                  ; 0 / 2,396,160 ( 0 % )                    ;
; Embedded Multiplier 9-bit elements ; 0 / 312 ( 0 % )                          ;
; Total PLLs                         ; 0 / 4 ( 0 % )                            ;
+------------------------------------+------------------------------------------+


+-----------------------------------------+
; Flow Settings                           ;
+-------------------+---------------------+
; Option            ; Setting             ;
+-------------------+---------------------+
; Start date & time ; 10/22/2021 01:09:43 ;
; Main task         ; Compilation         ;
; Revision Name     ; cnt12b              ;
+-------------------+---------------------+


+----------------------------------------------------------------------------------------------------------------------------------------+
; Flow Non-Default Global Settings                                                                                                       ;
+-----------------------------+---------------------------------------------------------------+---------------+-------------+------------+
; Assignment Name             ; Value                                                         ; Default Value ; Entity Name ; Section Id ;
+-----------------------------+---------------------------------------------------------------+---------------+-------------+------------+
; COMPILER_SIGNATURE_ID       ; 154027291303573.163483618318772                               ; --            ; --          ; --         ;
; MAX_CORE_JUNCTION_TEMP      ; 100                                                           ; --            ; --          ; --         ;
; MIN_CORE_JUNCTION_TEMP      ; -40                                                           ; --            ; --          ; --         ;
; MISC_FILE                   ; D:/最近要用到的文件/邱老师课程作业/实验文件/cnt12b/cnt12b.dpf ; --            ; --          ; --         ;
; NOMINAL_CORE_SUPPLY_VOLTAGE ; 1.2V                                                          ; --            ; --          ; --         ;
; PARTITION_COLOR             ; 16764057                                                      ; --            ; CNT12B      ; Top        ;
; PARTITION_NETLIST_TYPE      ; SOURCE                                                        ; --            ; CNT12B      ; Top        ;
+-----------------------------+---------------------------------------------------------------+---------------+-------------+------------+


+-------------------------------------------------------------------------------------------------------------------------------+
; Flow Elapsed Time                                                                                                             ;
+---------------------------+--------------+-------------------------+---------------------+------------------------------------+
; Module Name               ; Elapsed Time ; Average Processors Used ; Peak Virtual Memory ; Total CPU Time (on all processors) ;
+---------------------------+--------------+-------------------------+---------------------+------------------------------------+
; Analysis & Synthesis      ; 00:00:02     ; 1.0                     ; 229 MB              ; 00:00:01                           ;
; Fitter                    ; 00:00:11     ; 1.0                     ; 382 MB              ; 00:00:11                           ;
; Assembler                 ; 00:00:04     ; 1.0                     ; 322 MB              ; 00:00:05                           ;
; TimeQuest Timing Analyzer ; 00:00:04     ; 1.0                     ; 291 MB              ; 00:00:04                           ;
; Total                     ; 00:00:21     ; --                      ; --                  ; 00:00:21                           ;
+---------------------------+--------------+-------------------------+---------------------+------------------------------------+


+--------------------------------------------------------------------------------------------+
; Flow OS Summary                                                                            ;
+---------------------------+------------------+---------------+------------+----------------+
; Module Name               ; Machine Hostname ; OS Name       ; OS Version ; Processor type ;
+---------------------------+------------------+---------------+------------+----------------+
; Analysis & Synthesis      ; LAPTOP-ON5ITB9A  ; Windows Vista ; 6.2        ; x86_64         ;
; Fitter                    ; LAPTOP-ON5ITB9A  ; Windows Vista ; 6.2        ; x86_64         ;
; Assembler                 ; LAPTOP-ON5ITB9A  ; Windows Vista ; 6.2        ; x86_64         ;
; TimeQuest Timing Analyzer ; LAPTOP-ON5ITB9A  ; Windows Vista ; 6.2        ; x86_64         ;
+---------------------------+------------------+---------------+------------+----------------+


------------
; Flow Log ;
------------
quartus_map --read_settings_files=on --write_settings_files=off cnt12b -c cnt12b
quartus_fit --read_settings_files=off --write_settings_files=off cnt12b -c cnt12b
quartus_asm --read_settings_files=off --write_settings_files=off cnt12b -c cnt12b
quartus_sta cnt12b -c cnt12b



