Analysis & Synthesis report for 1616
Thu Nov 18 21:40:13 2021
Quartus II Version 9.0 Build 132 02/25/2009 SJ Full Version


---------------------
; Table of Contents ;
---------------------
  1. Legal Notice
  2. Analysis & Synthesis Summary
  3. Analysis & Synthesis Settings
  4. Analysis & Synthesis Source Files Read
  5. Analysis & Synthesis Resource Usage Summary
  6. Analysis & Synthesis Resource Utilization by Entity
  7. User-Specified and Inferred Latches
  8. Registers Removed During Synthesis
  9. General Register Statistics
 10. Multiplexer Restructuring Statistics (Restructuring Performed)
 11. Analysis & Synthesis Messages
 12. Analysis & Synthesis Suppressed Messages



----------------
; Legal Notice ;
----------------
Copyright (C) 1991-2009 Altera Corporation
Your use of Altera Corporation's design tools, logic functions 
and other software and tools, and its AMPP partner logic 
functions, and any output files from any of the foregoing 
(including device programming or simulation files), and any 
associated documentation or information are expressly subject 
to the terms and conditions of the Altera Program License 
Subscription Agreement, Altera MegaCore Function License 
Agreement, or other applicable license agreement, including, 
without limitation, that your use is for the sole purpose of 
programming logic devices manufactured by Altera and sold by 
Altera or its authorized distributors.  Please refer to the 
applicable agreement for further details.



+-------------------------------------------------------------------------------+
; Analysis & Synthesis Summary                                                  ;
+------------------------------------+------------------------------------------+
; Analysis & Synthesis Status        ; Successful - Thu Nov 18 21:40:13 2021    ;
; Quartus II Version                 ; 9.0 Build 132 02/25/2009 SJ Full Version ;
; Revision Name                      ; 1616                                     ;
; Top-level Entity Name              ; dot_matrix1                              ;
; Family                             ; Cyclone III                              ;
; Total logic elements               ; 192                                      ;
;     Total combinational functions  ; 192                                      ;
;     Dedicated logic registers      ; 53                                       ;
; Total registers                    ; 53                                       ;
; Total pins                         ; 22                                       ;
; Total virtual pins                 ; 0                                        ;
; Total memory bits                  ; 0                                        ;
; Embedded Multiplier 9-bit elements ; 0                                        ;
; Total PLLs                         ; 0                                        ;
+------------------------------------+------------------------------------------+


+----------------------------------------------------------------------------------------------------------+
; Analysis & Synthesis Settings                                                                            ;
+----------------------------------------------------------------+--------------------+--------------------+
; Option                                                         ; Setting            ; Default Value      ;
+----------------------------------------------------------------+--------------------+--------------------+
; Device                                                         ; EP3C55U484I7       ;                    ;
; Top-level entity name                                          ; dot_matrix1        ; 1616               ;
; Family name                                                    ; Cyclone III        ; Stratix II         ;
; Use Generated Physical Constraints File                        ; Off                ;                    ;
; Use smart compilation                                          ; Off                ; Off                ;
; Restructure Multiplexers                                       ; Auto               ; Auto               ;
; Create Debugging Nodes for IP Cores                            ; Off                ; Off                ;
; Preserve fewer node names                                      ; On                 ; On                 ;
; Disable OpenCore Plus hardware evaluation                      ; Off                ; Off                ;
; Verilog Version                                                ; Verilog_2001       ; Verilog_2001       ;
; VHDL Version                                                   ; VHDL93             ; VHDL93             ;
; State Machine Processing                                       ; Auto               ; Auto               ;
; Safe State Machine                                             ; Off                ; Off                ;
; Extract Verilog State Machines                                 ; On                 ; On                 ;
; Extract VHDL State Machines                                    ; On                 ; On                 ;
; Ignore Verilog initial constructs                              ; Off                ; Off                ;
; Iteration limit for constant Verilog loops                     ; 5000               ; 5000               ;
; Iteration limit for non-constant Verilog loops                 ; 250                ; 250                ;
; Add Pass-Through Logic to Inferred RAMs                        ; On                 ; On                 ;
; Parallel Synthesis                                             ; Off                ; Off                ;
; DSP Block Balancing                                            ; Auto               ; Auto               ;
; NOT Gate Push-Back                                             ; On                 ; On                 ;
; Power-Up Don't Care                                            ; On                 ; On                 ;
; Remove Redundant Logic Cells                                   ; Off                ; Off                ;
; Remove Duplicate Registers                                     ; On                 ; On                 ;
; Ignore CARRY Buffers                                           ; Off                ; Off                ;
; Ignore CASCADE Buffers                                         ; Off                ; Off                ;
; Ignore GLOBAL Buffers                                          ; Off                ; Off                ;
; Ignore ROW GLOBAL Buffers                                      ; Off                ; Off                ;
; Ignore LCELL Buffers                                           ; Off                ; Off                ;
; Ignore SOFT Buffers                                            ; On                 ; On                 ;
; Limit AHDL Integers to 32 Bits                                 ; Off                ; Off                ;
; Optimization Technique                                         ; Balanced           ; Balanced           ;
; Carry Chain Length                                             ; 70                 ; 70                 ;
; Auto Carry Chains                                              ; On                 ; On                 ;
; Auto Open-Drain Pins                                           ; On                 ; On                 ;
; Perform WYSIWYG Primitive Resynthesis                          ; Off                ; Off                ;
; Auto ROM Replacement                                           ; On                 ; On                 ;
; Auto RAM Replacement                                           ; On                 ; On                 ;
; Auto DSP Block Replacement                                     ; On                 ; On                 ;
; Auto Shift Register Replacement                                ; Auto               ; Auto               ;
; Auto Clock Enable Replacement                                  ; On                 ; On                 ;
; Strict RAM Replacement                                         ; Off                ; Off                ;
; Allow Synchronous Control Signals                              ; On                 ; On                 ;
; Force Use of Synchronous Clear Signals                         ; Off                ; Off                ;
; Auto RAM Block Balancing                                       ; On                 ; On                 ;
; Auto RAM to Logic Cell Conversion                              ; Off                ; Off                ;
; Auto Resource Sharing                                          ; Off                ; Off                ;
; Allow Any RAM Size For Recognition                             ; Off                ; Off                ;
; Allow Any ROM Size For Recognition                             ; Off                ; Off                ;
; Allow Any Shift Register Size For Recognition                  ; Off                ; Off                ;
; Use LogicLock Constraints during Resource Balancing            ; On                 ; On                 ;
; Ignore translate_off and synthesis_off directives              ; Off                ; Off                ;
; Timing-Driven Synthesis                                        ; Off                ; Off                ;
; Show Parameter Settings Tables in Synthesis Report             ; On                 ; On                 ;
; Ignore Maximum Fan-Out Assignments                             ; Off                ; Off                ;
; Synchronization Register Chain Length                          ; 2                  ; 2                  ;
; PowerPlay Power Optimization                                   ; Normal compilation ; Normal compilation ;
; HDL message level                                              ; Level2             ; Level2             ;
; Suppress Register Optimization Related Messages                ; Off                ; Off                ;
; Number of Removed Registers Reported in Synthesis Report       ; 100                ; 100                ;
; Number of Inverted Registers Reported in Synthesis Report      ; 100                ; 100                ;
; Clock MUX Protection                                           ; On                 ; On                 ;
; Auto Gated Clock Conversion                                    ; Off                ; Off                ;
; Block Design Naming                                            ; Auto               ; Auto               ;
; SDC constraint protection                                      ; Off                ; Off                ;
; Synthesis Effort                                               ; Auto               ; Auto               ;
; Allows Asynchronous Clear Usage For Shift Register Replacement ; On                 ; On                 ;
; Analysis & Synthesis Message Level                             ; Medium             ; Medium             ;
+----------------------------------------------------------------+--------------------+--------------------+


+------------------------------------------------------------------------------------------------------------+
; Analysis & Synthesis Source Files Read                                                                     ;
+----------------------------------+-----------------+------------------------+------------------------------+
; File Name with User-Entered Path ; Used in Netlist ; File Type              ; File Name with Absolute Path ;
+----------------------------------+-----------------+------------------------+------------------------------+
; dot_matrix1.v                    ; yes             ; User Verilog HDL File  ; D:/FPGA/1616/dot_matrix1.v   ;
+----------------------------------+-----------------+------------------------+------------------------------+


+-----------------------------------------------------------+
; Analysis & Synthesis Resource Usage Summary               ;
+---------------------------------------------+-------------+
; Resource                                    ; Usage       ;
+---------------------------------------------+-------------+
; Estimated Total logic elements              ; 192         ;
;                                             ;             ;
; Total combinational functions               ; 192         ;
; Logic element usage by number of LUT inputs ;             ;
;     -- 4 input functions                    ; 106         ;
;     -- 3 input functions                    ; 8           ;
;     -- <=2 input functions                  ; 78          ;
;                                             ;             ;
; Logic elements by mode                      ;             ;
;     -- normal mode                          ; 147         ;
;     -- arithmetic mode                      ; 45          ;
;                                             ;             ;
; Total registers                             ; 53          ;
;     -- Dedicated logic registers            ; 53          ;
;     -- I/O registers                        ; 0           ;
;                                             ;             ;
; I/O pins                                    ; 22          ;
; Maximum fan-out node                        ; col[0]~reg0 ;
; Maximum fan-out                             ; 61          ;
; Total fan-out                               ; 749         ;
; Average fan-out                             ; 2.59        ;
+---------------------------------------------+-------------+


+-----------------------------------------------------------------------------------------------------------------------------------------------------------------------------+
; Analysis & Synthesis Resource Utilization by Entity                                                                                                                         ;
+----------------------------+-------------------+--------------+-------------+--------------+---------+-----------+------+--------------+---------------------+--------------+
; Compilation Hierarchy Node ; LC Combinationals ; LC Registers ; Memory Bits ; DSP Elements ; DSP 9x9 ; DSP 18x18 ; Pins ; Virtual Pins ; Full Hierarchy Name ; Library Name ;
+----------------------------+-------------------+--------------+-------------+--------------+---------+-----------+------+--------------+---------------------+--------------+
; |dot_matrix1               ; 192 (192)         ; 53 (53)      ; 0           ; 0            ; 0       ; 0         ; 22   ; 0            ; |dot_matrix1        ; work         ;
+----------------------------+-------------------+--------------+-------------+--------------+---------+-----------+------+--------------+---------------------+--------------+
Note: For table entries with two numbers listed, the numbers in parentheses indicate the number of resources of the given type used by the specific entity alone. The numbers listed outside of parentheses indicate the total resources of the given type used by the specific entity and all of its sub-entities in the hierarchy.


+----------------------------------------------------------------------------------------------------+
; User-Specified and Inferred Latches                                                                ;
+-----------------------------------------------------+---------------------+------------------------+
; Latch Name                                          ; Latch Enable Signal ; Free of Timing Hazards ;
+-----------------------------------------------------+---------------------+------------------------+
; row[0]$latch                                        ; VCC                 ; yes                    ;
; row[1]$latch                                        ; VCC                 ; yes                    ;
; row[2]$latch                                        ; VCC                 ; yes                    ;
; row[3]$latch                                        ; VCC                 ; yes                    ;
; row[4]$latch                                        ; VCC                 ; yes                    ;
; row[5]$latch                                        ; VCC                 ; yes                    ;
; row[6]$latch                                        ; VCC                 ; yes                    ;
; row[7]$latch                                        ; VCC                 ; yes                    ;
; row[8]$latch                                        ; VCC                 ; yes                    ;
; row[9]$latch                                        ; VCC                 ; yes                    ;
; row[10]$latch                                       ; VCC                 ; yes                    ;
; row[11]$latch                                       ; VCC                 ; yes                    ;
; row[12]$latch                                       ; VCC                 ; yes                    ;
; row[13]$latch                                       ; VCC                 ; yes                    ;
; row[14]$latch                                       ; VCC                 ; yes                    ;
; row[15]$latch                                       ; VCC                 ; yes                    ;
; Number of user-specified and inferred latches = 16  ;                     ;                        ;
+-----------------------------------------------------+---------------------+------------------------+
Note: All latches listed above may not be present at the end of synthesis due to various synthesis optimizations.


+---------------------------------------------------------------+
; Registers Removed During Synthesis                            ;
+---------------------------------------+-----------------------+
; Register name                         ; Reason for Removal    ;
+---------------------------------------+-----------------------+
; count2[0]                             ; Merged with count1[0] ;
; count2[1]                             ; Merged with count1[1] ;
; count2[2]                             ; Merged with count1[2] ;
; Total Number of Removed Registers = 3 ;                       ;
+---------------------------------------+-----------------------+


+------------------------------------------------------+
; General Register Statistics                          ;
+----------------------------------------------+-------+
; Statistic                                    ; Value ;
+----------------------------------------------+-------+
; Total registers                              ; 53    ;
; Number of registers using Synchronous Clear  ; 0     ;
; Number of registers using Synchronous Load   ; 0     ;
; Number of registers using Asynchronous Clear ; 0     ;
; Number of registers using Asynchronous Load  ; 0     ;
; Number of registers using Clock Enable       ; 0     ;
; Number of registers using Preset             ; 0     ;
+----------------------------------------------+-------+


+------------------------------------------------------------------------------------------------------------------------------------------+
; Multiplexer Restructuring Statistics (Restructuring Performed)                                                                           ;
+--------------------+-----------+---------------+----------------------+------------------------+------------+----------------------------+
; Multiplexer Inputs ; Bus Width ; Baseline Area ; Area if Restructured ; Saving if Restructured ; Registered ; Example Multiplexer Output ;
+--------------------+-----------+---------------+----------------------+------------------------+------------+----------------------------+
; 3:1                ; 4 bits    ; 8 LEs         ; 4 LEs                ; 4 LEs                  ; Yes        ; |dot_matrix1|col[0]~reg0   ;
; 4:1                ; 15 bits   ; 30 LEs        ; 30 LEs               ; 0 LEs                  ; No         ; |dot_matrix1|row[1]~16     ;
+--------------------+-----------+---------------+----------------------+------------------------+------------+----------------------------+


+-------------------------------+
; Analysis & Synthesis Messages ;
+-------------------------------+
Info: *******************************************************************
Info: Running Quartus II Analysis & Synthesis
    Info: Version 9.0 Build 132 02/25/2009 SJ Full Version
    Info: Processing started: Thu Nov 18 21:40:11 2021
Info: Command: quartus_map --read_settings_files=on --write_settings_files=off 1616 -c 1616
Info: Found 1 design units, including 1 entities, in source file dot_matrix1.v
    Info: Found entity 1: dot_matrix1
Info: Found 1 design units, including 1 entities, in source file div.v
    Info: Found entity 1: div
Info: Found 1 design units, including 1 entities, in source file 1616.bdf
    Info: Found entity 1: 1616
Info: Elaborating entity "dot_matrix1" for the top level hierarchy
Warning (10230): Verilog HDL assignment warning at dot_matrix1.v(32): truncated value with size 32 to match size of target (2)
Warning (10230): Verilog HDL assignment warning at dot_matrix1.v(41): truncated value with size 32 to match size of target (4)
Warning (10235): Verilog HDL Always Construct warning at dot_matrix1.v(49): variable "cnt4" is read inside the Always Construct but isn't in the Always Construct's Event Control
Warning (10235): Verilog HDL Always Construct warning at dot_matrix1.v(70): variable "cnt4" is read inside the Always Construct but isn't in the Always Construct's Event Control
Warning (10235): Verilog HDL Always Construct warning at dot_matrix1.v(91): variable "cnt4" is read inside the Always Construct but isn't in the Always Construct's Event Control
Warning (10235): Verilog HDL Always Construct warning at dot_matrix1.v(112): variable "cnt4" is read inside the Always Construct but isn't in the Always Construct's Event Control
Warning (10240): Verilog HDL Always Construct warning at dot_matrix1.v(45): inferring latch(es) for variable "row", which holds its previous value in one or more paths through the always construct
Info (10041): Inferred latch for "row[0]" at dot_matrix1.v(45)
Info (10041): Inferred latch for "row[1]" at dot_matrix1.v(45)
Info (10041): Inferred latch for "row[2]" at dot_matrix1.v(45)
Info (10041): Inferred latch for "row[3]" at dot_matrix1.v(45)
Info (10041): Inferred latch for "row[4]" at dot_matrix1.v(45)
Info (10041): Inferred latch for "row[5]" at dot_matrix1.v(45)
Info (10041): Inferred latch for "row[6]" at dot_matrix1.v(45)
Info (10041): Inferred latch for "row[7]" at dot_matrix1.v(45)
Info (10041): Inferred latch for "row[8]" at dot_matrix1.v(45)
Info (10041): Inferred latch for "row[9]" at dot_matrix1.v(45)
Info (10041): Inferred latch for "row[10]" at dot_matrix1.v(45)
Info (10041): Inferred latch for "row[11]" at dot_matrix1.v(45)
Info (10041): Inferred latch for "row[12]" at dot_matrix1.v(45)
Info (10041): Inferred latch for "row[13]" at dot_matrix1.v(45)
Info (10041): Inferred latch for "row[14]" at dot_matrix1.v(45)
Info (10041): Inferred latch for "row[15]" at dot_matrix1.v(45)
Info: Generated suppressed messages file D:/FPGA/1616/1616.map.smsg
Info: Implemented 214 device resources after synthesis - the final resource count might be different
    Info: Implemented 2 input pins
    Info: Implemented 20 output pins
    Info: Implemented 192 logic cells
Info: Quartus II Analysis & Synthesis was successful. 0 errors, 7 warnings
    Info: Peak virtual memory: 230 megabytes
    Info: Processing ended: Thu Nov 18 21:40:13 2021
    Info: Elapsed time: 00:00:02
    Info: Total CPU time (on all processors): 00:00:02


+------------------------------------------+
; Analysis & Synthesis Suppressed Messages ;
+------------------------------------------+
The suppressed messages can be found in D:/FPGA/1616/1616.map.smsg.


